<?xml version="1.0" encoding="UTF-8"?>
<!-- Generated by org.testng.reporters.JUnitXMLReporter -->
<testsuite ignored="0" hostname="HOME" failures="0" tests="3" name="Default test" time="7.662" errors="0" timestamp="2025-06-08T10:48:07 IST">
  <testcase classname="tests.LocatorsUsingXpathPCSTest" name="LoginTest" time="1.2"/>
  <testcase classname="tests.LocatorsUsingXpathPCSTest" name="forgotPasswordTest" time="0.88"/>
  <testcase classname="tests.LocatorsUsingXpathPCSTest" name="successfulLoginAndLogoutTest" time="1.408"/>
</testsuite> <!-- Default test -->
