<?xml version="1.0" encoding="UTF-8"?>
<!-- Generated by org.testng.reporters.JUnitXMLReporter -->
<testsuite ignored="0" hostname="IBM-GV582F3" failures="0" tests="3" name="Test" time="11.04" errors="0" timestamp="2025-06-10T08:01:30 GMT-07:00">
  <testcase classname="tests.AutoSuggestiveDDTest" name="validateCorrectDropDownSelected" time="0.808"/>
  <testcase classname="tests.DropdownDynamicTest" name="validateDynamicDropdown" time="0.844"/>
  <testcase classname="tests.DropdownLocatorsTest" name="validateAdultCountIncreased" time="0.896"/>
</testsuite> <!-- Test -->
