<?xml version="1.0" encoding="UTF-8"?>
<!-- Generated by org.testng.reporters.JUnitXMLReporter -->
<testsuite ignored="0" hostname="HOME" failures="0" tests="12" name="Test" time="28.944" errors="0" timestamp="2025-06-08T10:57:01 IST">
  <testcase classname="tests.LocatorsTest" name="LoginTest" time="1.188"/>
  <testcase classname="tests.LocatorsTest" name="forgotPasswordTest" time="0.943"/>
  <testcase classname="tests.LocatorsTest" name="successfulLoginTest" time="0.187"/>
  <testcase classname="tests.LocatorsUsingCSSTest" name="LoginTest" time="1.185"/>
  <testcase classname="tests.LocatorsUsingCSSTest" name="forgotPasswordTest" time="0.855"/>
  <testcase classname="tests.LocatorsUsingCSSTest" name="successfulLoginAndLogoutTest" time="1.347"/>
  <testcase classname="tests.LocatorsUsingXpathPCSTest" name="LoginTest" time="1.194"/>
  <testcase classname="tests.LocatorsUsingXpathPCSTest" name="forgotPasswordTest" time="0.858"/>
  <testcase classname="tests.LocatorsUsingXpathPCSTest" name="successfulLoginAndLogoutTest" time="1.37"/>
  <testcase classname="tests.LocatorsUsingXpathTest" name="LoginTest" time="1.172"/>
  <testcase classname="tests.LocatorsUsingXpathTest" name="forgotPasswordTest" time="0.856"/>
  <testcase classname="tests.LocatorsUsingXpathTest" name="successfulLoginAndLogoutTest" time="1.346"/>
</testsuite> <!-- Test -->
