<?xml version="1.0" encoding="UTF-8"?>
<testng-results ignored="0" total="3" passed="3" failed="0" skipped="0">
  <reporter-output>
  </reporter-output>
  <suite started-at="2025-06-08T10:48:00 IST" name="Default suite" finished-at="2025-06-08T10:48:07 IST" duration-ms="7662">
    <groups>
    </groups>
    <test started-at="2025-06-08T10:48:00 IST" name="Default test" finished-at="2025-06-08T10:48:07 IST" duration-ms="7662">
      <class name="tests.LocatorsUsingXpathPCSTest">
        <test-method is-config="true" signature="setup()[pri:0, instance:tests.LocatorsUsingXpathPCSTest@47eaca72]" started-at="2025-06-08T10:48:00 IST" name="setup" finished-at="2025-06-08T10:48:01 IST" duration-ms="1553" status="PASS">
          <reporter-output>
          </reporter-output>
        </test-method> <!-- setup -->
        <test-method signature="LoginTest()[pri:0, instance:tests.LocatorsUsingXpathPCSTest@47eaca72]" started-at="2025-06-08T10:48:01 IST" name="LoginTest" finished-at="2025-06-08T10:48:02 IST" duration-ms="1200" status="PASS">
          <reporter-output>
          </reporter-output>
        </test-method> <!-- LoginTest -->
        <test-method is-config="true" signature="tearDown()[pri:0, instance:tests.LocatorsUsingXpathPCSTest@47eaca72]" started-at="2025-06-08T10:48:02 IST" name="tearDown" finished-at="2025-06-08T10:48:02 IST" duration-ms="116" status="PASS">
          <reporter-output>
          </reporter-output>
        </test-method> <!-- tearDown -->
        <test-method is-config="true" signature="setup()[pri:0, instance:tests.LocatorsUsingXpathPCSTest@47eaca72]" started-at="2025-06-08T10:48:02 IST" name="setup" finished-at="2025-06-08T10:48:04 IST" duration-ms="1119" status="PASS">
          <reporter-output>
          </reporter-output>
        </test-method> <!-- setup -->
        <test-method signature="forgotPasswordTest()[pri:0, instance:tests.LocatorsUsingXpathPCSTest@47eaca72]" started-at="2025-06-08T10:48:04 IST" name="forgotPasswordTest" finished-at="2025-06-08T10:48:04 IST" duration-ms="880" status="PASS">
          <reporter-output>
          </reporter-output>
        </test-method> <!-- forgotPasswordTest -->
        <test-method is-config="true" signature="tearDown()[pri:0, instance:tests.LocatorsUsingXpathPCSTest@47eaca72]" started-at="2025-06-08T10:48:04 IST" name="tearDown" finished-at="2025-06-08T10:48:05 IST" duration-ms="103" status="PASS">
          <reporter-output>
          </reporter-output>
        </test-method> <!-- tearDown -->
        <test-method is-config="true" signature="setup()[pri:0, instance:tests.LocatorsUsingXpathPCSTest@47eaca72]" started-at="2025-06-08T10:48:05 IST" name="setup" finished-at="2025-06-08T10:48:06 IST" duration-ms="1155" status="PASS">
          <reporter-output>
          </reporter-output>
        </test-method> <!-- setup -->
        <test-method signature="successfulLoginAndLogoutTest()[pri:0, instance:tests.LocatorsUsingXpathPCSTest@47eaca72]" started-at="2025-06-08T10:48:06 IST" name="successfulLoginAndLogoutTest" finished-at="2025-06-08T10:48:07 IST" duration-ms="1408" status="PASS">
          <reporter-output>
          </reporter-output>
        </test-method> <!-- successfulLoginAndLogoutTest -->
        <test-method is-config="true" signature="tearDown()[pri:0, instance:tests.LocatorsUsingXpathPCSTest@47eaca72]" started-at="2025-06-08T10:48:07 IST" name="tearDown" finished-at="2025-06-08T10:48:07 IST" duration-ms="100" status="PASS">
          <reporter-output>
          </reporter-output>
        </test-method> <!-- tearDown -->
      </class> <!-- tests.LocatorsUsingXpathPCSTest -->
    </test> <!-- Default test -->
  </suite> <!-- Default suite -->
</testng-results>
